192.168.28.247 - - [28/Jan/2016:13:11:23 +0100] "GET / HTTP/1.1" 200 4868
fe80::d977:5cf7:6c23:4905 - - [28/Jan/2016:13:11:26 +0100] "GET / HTTP/1.1" 200 4868
::1 - - [28/Jan/2016:18:18:41 +0100] "GET /phpmyadmin/ HTTP/1.1" 200 48218
::1 - - [28/Jan/2016:18:18:42 +0100] "GET /phpmyadmin/themes/pmahomme/jquery/jquery-ui-1.9.2.custom.css HTTP/1.1" 200 32278
::1 - - [28/Jan/2016:18:18:42 +0100] "GET /phpmyadmin/themes/pmahomme/img/logo_left.png HTTP/1.1" 200 2327
::1 - - [28/Jan/2016:18:18:42 +0100] "GET /phpmyadmin/phpmyadmin.css.php?server=1&lang=en&collation_connection=utf8mb4_general_ci&token=5f2d91fd7cc9c82e43bc8c58dc2c7926&nocache=5705332657ltr HTTP/1.1" 200 93053
::1 - - [28/Jan/2016:18:18:42 +0100] "GET /phpmyadmin/themes/dot.gif HTTP/1.1" 200 43
::1 - - [28/Jan/2016:18:18:42 +0100] "GET /phpmyadmin/js/get_scripts.js.php?lang=en&collation_connection=utf8mb4_general_ci&token=5f2d91fd7cc9c82e43bc8c58dc2c7926&scripts[]=jquery/jquery-1.8.3.min.js&scripts[]=ajax.js&scripts[]=keyhandler.js&scripts[]=jquery/jquery-ui-1.9.2.custom.min.js&scripts[]=jquery/jquery.sprintf.js&scripts[]=jquery/jquery.cookie.js&scripts[]=jquery/jquery.mousewheel.js&scripts[]=jquery/jquery.event.drag-2.2.js&scripts[]=jquery/jquery-ui-timepicker-addon.js&scripts[]=jquery/jquery.ba-hashchange-1.3.js&scripts[]=jquery/jquery.debounce-1.0.5.js&scripts[]=jquery/jquery.menuResizer-1.0.js&scripts[]=cross_framing_protection.js&scripts[]=rte.js&scripts[]=tracekit/tracekit.js&scripts[]=error_report.js&scripts[]=doclinks.js&scripts[]=functions.js&scripts[]=navigation.js&scripts[]=indexes.js&scripts[]=common.js&scripts[]=codemirror/lib/codemirror.js&scripts[]=codemirror/mode/sql/sql.js&scripts[]=codemirror/addon/runmode/runmode.js HTTP/1.1" 200 1039434
::1 - - [28/Jan/2016:18:18:42 +0100] "GET /phpmyadmin/themes/pmahomme/img/ajax_clock_small.gif HTTP/1.1" 200 1810
::1 - - [28/Jan/2016:18:18:42 +0100] "GET /phpmyadmin/js/get_image.js.php?theme=pmahomme HTTP/1.1" 200 6388
::1 - - [28/Jan/2016:18:18:42 +0100] "GET /phpmyadmin/js/messages.php?lang=en&db=&collation_connection=utf8mb4_general_ci&token=5f2d91fd7cc9c82e43bc8c58dc2c7926 HTTP/1.1" 200 17755
::1 - - [28/Jan/2016:18:18:42 +0100] "GET /phpmyadmin/themes/pmahomme/img/left_nav_bg.png HTTP/1.1" 200 297
::1 - - [28/Jan/2016:18:18:42 +0100] "GET /phpmyadmin/themes/pmahomme/img/sprites.png HTTP/1.1" 200 41626
::1 - - [28/Jan/2016:18:18:42 +0100] "GET /phpmyadmin/favicon.ico HTTP/1.1" 200 18902
::1 - - [28/Jan/2016:18:18:42 +0100] "GET /phpmyadmin/version_check.php?&_nocache=1454001522699813739 HTTP/1.1" 200 39
::1 - - [28/Jan/2016:18:19:07 +0100] "GET /phpmyadmin/navigation.php?ajax_request=1&lang=en&collation_connection=utf8mb4_general_ci&token=5f2d91fd7cc9c82e43bc8c58dc2c7926&aPath=cm9vdA%3D%3D.bXlzcWw%3D&vPath=cm9vdA%3D%3D.bXlzcWw%3D&pos=0&pos2_name=&pos2_value=&searchClause=&searchClause2=&_nocache=1454001547702663184 HTTP/1.1" 200 24478
::1 - - [28/Jan/2016:18:19:11 +0100] "GET /phpmyadmin/navigation.php?ajax_request=1&lang=en&collation_connection=utf8mb4_general_ci&token=5f2d91fd7cc9c82e43bc8c58dc2c7926&aPath=cm9vdA%3D%3D.aW50cm8%3D&vPath=cm9vdA%3D%3D.aW50cm8%3D&pos=0&pos2_name=&pos2_value=&searchClause=&searchClause2=&_nocache=1454001551431314018 HTTP/1.1" 200 3809
::1 - - [28/Jan/2016:18:19:13 +0100] "GET /phpmyadmin/sql.php?server=1&db=intro&table=test4&pos=0&token=5f2d91fd7cc9c82e43bc8c58dc2c7926&ajax_request=true&ajax_page_request=true&menuHashes=cd2b04cf&_nocache=1454001553954793931 HTTP/1.1" 200 19267
::1 - - [28/Jan/2016:18:19:14 +0100] "GET /phpmyadmin/js/get_scripts.js.php?scripts[]=tbl_change.js&scripts[]=gis_data_editor.js&scripts[]=makegrid.js&scripts[]=sql.js&token=5f2d91fd7cc9c82e43bc8c58dc2c7926&call_done=1 HTTP/1.1" 200 135620
::1 - - [28/Jan/2016:18:19:14 +0100] "GET /phpmyadmin/themes/pmahomme/img/col_pointer.png HTTP/1.1" 200 113
::1 - - [28/Jan/2016:18:19:14 +0100] "GET /phpmyadmin/index.php?ajax_request=1&recent_table=1&token=5f2d91fd7cc9c82e43bc8c58dc2c7926 HTTP/1.1" 200 204
::1 - - [28/Jan/2016:18:19:17 +0100] "GET /phpmyadmin/sql.php?server=1&db=intro&table=test3&pos=0&token=5f2d91fd7cc9c82e43bc8c58dc2c7926&ajax_request=true&ajax_page_request=true&menuHashes=cd2b04cf-3441b1a4&_nocache=145400155719347304 HTTP/1.1" 200 18756
::1 - - [28/Jan/2016:18:19:17 +0100] "GET /phpmyadmin/index.php?ajax_request=1&recent_table=1&token=5f2d91fd7cc9c82e43bc8c58dc2c7926 HTTP/1.1" 200 318
::1 - - [28/Jan/2016:18:19:19 +0100] "GET /phpmyadmin/sql.php?server=1&db=intro&table=test2&pos=0&token=5f2d91fd7cc9c82e43bc8c58dc2c7926&ajax_request=true&ajax_page_request=true&menuHashes=cd2b04cf-3441b1a4-ee333923&_nocache=1454001559492444363 HTTP/1.1" 200 18271
::1 - - [28/Jan/2016:18:19:19 +0100] "GET /phpmyadmin/index.php?ajax_request=1&recent_table=1&token=5f2d91fd7cc9c82e43bc8c58dc2c7926 HTTP/1.1" 200 432
::1 - - [28/Jan/2016:18:19:56 +0100] "GET /phpmyadmin/sql.php?server=1&db=intro&table=test1&pos=0&token=5f2d91fd7cc9c82e43bc8c58dc2c7926&ajax_request=true&ajax_page_request=true&menuHashes=cd2b04cf-3441b1a4-ee333923-b522a830&_nocache=1454001596359430314 HTTP/1.1" 200 14905
::1 - - [28/Jan/2016:18:19:56 +0100] "GET /phpmyadmin/index.php?ajax_request=1&recent_table=1&token=5f2d91fd7cc9c82e43bc8c58dc2c7926 HTTP/1.1" 200 546
::1 - - [28/Jan/2016:18:20:07 +0100] "GET /phpmyadmin/tbl_structure.php?db=intro&table=test1&token=5f2d91fd7cc9c82e43bc8c58dc2c7926&ajax_request=true&ajax_page_request=true&menuHashes=cd2b04cf-3441b1a4-ee333923-b522a830-886492f0&_nocache=1454001607217197919 HTTP/1.1" 200 18889
::1 - - [28/Jan/2016:18:20:07 +0100] "GET /phpmyadmin/js/get_scripts.js.php?scripts[]=tbl_structure.js&token=5f2d91fd7cc9c82e43bc8c58dc2c7926&call_done=1 HTTP/1.1" 200 21559
::1 - - [28/Jan/2016:18:20:07 +0100] "GET /phpmyadmin/themes/pmahomme/img/arrow_ltr.png HTTP/1.1" 200 139
::1 - - [28/Jan/2016:18:20:07 +0100] "GET /phpmyadmin/index.php?ajax_request=1&recent_table=1&token=5f2d91fd7cc9c82e43bc8c58dc2c7926 HTTP/1.1" 200 546
::1 - - [28/Jan/2016:18:20:10 +0100] "GET /phpmyadmin/sql.php?db=intro&table=test1&token=5f2d91fd7cc9c82e43bc8c58dc2c7926&pos=0&ajax_request=true&ajax_page_request=true&menuHashes=cd2b04cf-3441b1a4-ee333923-b522a830-886492f0-1d647967&_nocache=1454001610535256789 HTTP/1.1" 200 11570
::1 - - [28/Jan/2016:18:20:10 +0100] "GET /phpmyadmin/index.php?ajax_request=1&recent_table=1&token=5f2d91fd7cc9c82e43bc8c58dc2c7926 HTTP/1.1" 200 546
::1 - - [28/Jan/2016:18:20:11 +0100] "GET /phpmyadmin/tbl_structure.php?db=intro&table=test1&token=5f2d91fd7cc9c82e43bc8c58dc2c7926&ajax_request=true&ajax_page_request=true&menuHashes=cd2b04cf-3441b1a4-ee333923-b522a830-886492f0-1d647967&_nocache=1454001611615621728 HTTP/1.1" 200 15556
::1 - - [28/Jan/2016:18:20:11 +0100] "GET /phpmyadmin/index.php?ajax_request=1&recent_table=1&token=5f2d91fd7cc9c82e43bc8c58dc2c7926 HTTP/1.1" 200 546
::1 - - [28/Jan/2016:18:20:14 +0100] "GET /phpmyadmin/sql.php?db=intro&table=test1&token=5f2d91fd7cc9c82e43bc8c58dc2c7926&pos=0&ajax_request=true&ajax_page_request=true&menuHashes=cd2b04cf-3441b1a4-ee333923-b522a830-886492f0-1d647967&_nocache=1454001614032729969 HTTP/1.1" 200 11570
::1 - - [28/Jan/2016:18:20:14 +0100] "GET /phpmyadmin/index.php?ajax_request=1&recent_table=1&token=5f2d91fd7cc9c82e43bc8c58dc2c7926 HTTP/1.1" 200 546
::1 - - [28/Jan/2016:18:20:15 +0100] "GET /phpmyadmin/navigation.php?ajax_request=1&lang=en&collation_connection=utf8mb4_general_ci&token=5f2d91fd7cc9c82e43bc8c58dc2c7926&aPath=cm9vdA%3D%3D.aW5mb3JtYXRpb25fc2NoZW1h&vPath=cm9vdA%3D%3D.aW5mb3JtYXRpb25fc2NoZW1h&pos=0&pos2_name=&pos2_value=&searchClause=&searchClause2=&_nocache=1454001615487574857 HTTP/1.1" 200 33032
::1 - - [28/Jan/2016:18:20:23 +0100] "GET /phpmyadmin/navigation.php?ajax_request=1&lang=en&collation_connection=utf8mb4_general_ci&token=5f2d91fd7cc9c82e43bc8c58dc2c7926&aPath=cm9vdA%3D%3D.cGVyZm9ybWFuY2Vfc2NoZW1h&vPath=cm9vdA%3D%3D.cGVyZm9ybWFuY2Vfc2NoZW1h&pos=0&pos2_name=&pos2_value=&searchClause=&searchClause2=&_nocache=1454001623055580433 HTTP/1.1" 200 53132
::1 - - [28/Jan/2016:18:21:17 +0100] "GET /phpmyadmin/navigation.php?ajax_request=1&lang=en&collation_connection=utf8mb4_general_ci&token=5f2d91fd7cc9c82e43bc8c58dc2c7926&aPath=cm9vdA%3D%3D.dGVzdA%3D%3D&vPath=cm9vdA%3D%3D.dGVzdA%3D%3D&pos=0&pos2_name=&pos2_value=&searchClause=&searchClause2=&_nocache=1454001677446294414 HTTP/1.1" 200 97
::1 - - [28/Jan/2016:18:31:33 +0100] "GET /phpmyadmin/themes/original/img/b_help.png HTTP/1.1" 200 145
::1 - - [28/Jan/2016:18:40:04 +0100] "GET /webgrind/ HTTP/1.1" 200 12838
::1 - - [28/Jan/2016:18:40:04 +0100] "GET /webgrind/styles/style.css HTTP/1.1" 200 2715
::1 - - [28/Jan/2016:18:40:04 +0100] "GET /webgrind/js/jquery.js HTTP/1.1" 200 29846
::1 - - [28/Jan/2016:18:40:04 +0100] "GET /webgrind/js/jquery.blockUI.js HTTP/1.1" 200 15858
::1 - - [28/Jan/2016:18:40:04 +0100] "GET /webgrind/js/jquery.tablesorter.js HTTP/1.1" 200 23927
::1 - - [28/Jan/2016:18:40:04 +0100] "GET /webgrind/js/jquery.selectboxes.js HTTP/1.1" 200 12113
::1 - - [28/Jan/2016:18:40:04 +0100] "GET /webgrind/js/sprintf.js HTTP/1.1" 200 2445
::1 - - [28/Jan/2016:18:40:04 +0100] "GET /webgrind/img/reload.png HTTP/1.1" 200 354
::1 - - [28/Jan/2016:18:40:04 +0100] "GET /webgrind/img/head.png HTTP/1.1" 200 311
::1 - - [28/Jan/2016:18:40:04 +0100] "GET /favicon.ico HTTP/1.1" 200 202575
::1 - - [28/Jan/2016:18:40:04 +0100] "GET /webgrind/index.php?op=version_info HTTP/1.1" 200 107
::1 - - [28/Jan/2016:18:40:17 +0100] "GET / HTTP/1.1" 200 4868
::1 - - [28/Jan/2016:18:40:17 +0100] "GET /index.php?img=gifLogo HTTP/1.1" 200 4549
::1 - - [28/Jan/2016:18:40:17 +0100] "GET /index.php?img=pngPlugin HTTP/1.1" 200 548
::1 - - [28/Jan/2016:18:40:17 +0100] "GET /index.php?img=pngFolderGo HTTP/1.1" 200 694
::1 - - [28/Jan/2016:18:40:17 +0100] "GET /index.php?img=pngWrench HTTP/1.1" 200 741
::1 - - [28/Jan/2016:18:40:17 +0100] "GET /index.php?img=favicon HTTP/1.1" 200 1429
::1 - - [28/Jan/2016:18:40:31 +0100] "GET /phpmyadmin/ HTTP/1.1" 200 46380
::1 - - [28/Jan/2016:18:40:31 +0100] "GET /phpmyadmin/js/get_scripts.js.php?token=5f2d91fd7cc9c82e43bc8c58dc2c7926&scripts[]=jquery/jquery-1.8.3.min.js&scripts[]=ajax.js&scripts[]=keyhandler.js&scripts[]=jquery/jquery-ui-1.9.2.custom.min.js&scripts[]=jquery/jquery.sprintf.js&scripts[]=jquery/jquery.cookie.js&scripts[]=jquery/jquery.mousewheel.js&scripts[]=jquery/jquery.event.drag-2.2.js&scripts[]=jquery/jquery-ui-timepicker-addon.js&scripts[]=jquery/jquery.ba-hashchange-1.3.js&scripts[]=jquery/jquery.debounce-1.0.5.js&scripts[]=jquery/jquery.menuResizer-1.0.js&scripts[]=cross_framing_protection.js&scripts[]=rte.js&scripts[]=tracekit/tracekit.js&scripts[]=error_report.js&scripts[]=doclinks.js&scripts[]=functions.js&scripts[]=navigation.js&scripts[]=indexes.js&scripts[]=common.js&scripts[]=codemirror/lib/codemirror.js&scripts[]=codemirror/mode/sql/sql.js&scripts[]=codemirror/addon/runmode/runmode.js HTTP/1.1" 200 1039434
::1 - - [28/Jan/2016:18:40:31 +0100] "GET /phpmyadmin/phpmyadmin.css.php?server=1&token=5f2d91fd7cc9c82e43bc8c58dc2c7926&nocache=5705332682ltr HTTP/1.1" 200 93053
::1 - - [28/Jan/2016:18:40:31 +0100] "GET /phpmyadmin/js/messages.php?lang=en&db=&token=5f2d91fd7cc9c82e43bc8c58dc2c7926 HTTP/1.1" 200 17755
::1 - - [28/Jan/2016:18:40:32 +0100] "GET /phpmyadmin/version_check.php?&_nocache=145400283221492432 HTTP/1.1" 200 39
::1 - - [28/Jan/2016:18:40:39 +0100] "GET /phpmyadmin/db_structure.php?server=1&db=intro&token=5f2d91fd7cc9c82e43bc8c58dc2c7926&ajax_request=true&ajax_page_request=true&menuHashes=6e404d33&_nocache=1454002839886633320 HTTP/1.1" 200 20457
::1 - - [28/Jan/2016:18:40:40 +0100] "GET /phpmyadmin/js/get_scripts.js.php?scripts[]=db_structure.js&scripts[]=tbl_change.js&token=5f2d91fd7cc9c82e43bc8c58dc2c7926&call_done=1 HTTP/1.1" 200 36139
::1 - - [28/Jan/2016:18:40:40 +0100] "GET /phpmyadmin/navigation.php?ajax_request=1&token=5f2d91fd7cc9c82e43bc8c58dc2c7926&aPath=cm9vdA%3D%3D.aW50cm8%3D&vPath=cm9vdA%3D%3D.aW50cm8%3D&pos=0&pos2_name=&pos2_value=&searchClause=&searchClause2=&_nocache=1454002840062713624 HTTP/1.1" 200 3809
::1 - - [28/Jan/2016:18:40:55 +0100] "GET /phpmyadmin/db_sql.php?db=intro&token=5f2d91fd7cc9c82e43bc8c58dc2c7926&ajax_request=true&ajax_page_request=true&menuHashes=6e404d33-f8dcb247&_nocache=1454002855352797768 HTTP/1.1" 200 7145
::1 - - [28/Jan/2016:18:40:55 +0100] "GET /phpmyadmin/js/get_scripts.js.php?scripts[]=makegrid.js&scripts[]=sql.js&token=5f2d91fd7cc9c82e43bc8c58dc2c7926&call_done=1 HTTP/1.1" 200 100312
::1 - - [28/Jan/2016:18:41:04 +0100] "GET /phpmyadmin/db_structure.php?db=intro&token=5f2d91fd7cc9c82e43bc8c58dc2c7926&ajax_request=true&ajax_page_request=true&menuHashes=6e404d33-f8dcb247-62b154e5&_nocache=1454002863997809298 HTTP/1.1" 200 17395
::1 - - [28/Jan/2016:18:41:07 +0100] "GET /phpmyadmin/tbl_change.php?db=intro&token=5f2d91fd7cc9c82e43bc8c58dc2c7926&goto=db_structure.php&table=test1&ajax_request=true&ajax_page_request=true&menuHashes=6e404d33-f8dcb247-62b154e5&_nocache=1454002867929820128 HTTP/1.1" 200 18242
::1 - - [28/Jan/2016:18:41:08 +0100] "GET /phpmyadmin/js/get_scripts.js.php?scripts[]=gis_data_editor.js&token=5f2d91fd7cc9c82e43bc8c58dc2c7926&call_done=1 HTTP/1.1" 200 14220
::1 - - [28/Jan/2016:18:41:08 +0100] "GET /phpmyadmin/index.php?ajax_request=1&recent_table=1&token=5f2d91fd7cc9c82e43bc8c58dc2c7926 HTTP/1.1" 200 546
::1 - - [28/Jan/2016:18:41:11 +0100] "GET /phpmyadmin/sql.php?db=intro&table=test1&token=5f2d91fd7cc9c82e43bc8c58dc2c7926&pos=0&ajax_request=true&ajax_page_request=true&menuHashes=6e404d33-f8dcb247-62b154e5-711eef7c&_nocache=1454002871822792488 HTTP/1.1" 200 14903
::1 - - [28/Jan/2016:18:41:11 +0100] "GET /phpmyadmin/index.php?ajax_request=1&recent_table=1&token=5f2d91fd7cc9c82e43bc8c58dc2c7926 HTTP/1.1" 200 546
::1 - - [28/Jan/2016:18:41:17 +0100] "GET /phpmyadmin/sql.php?server=1&db=intro&table=test4&pos=0&token=5f2d91fd7cc9c82e43bc8c58dc2c7926&ajax_request=true&ajax_page_request=true&menuHashes=6e404d33-f8dcb247-62b154e5-711eef7c-886492f0&_nocache=1454002877946697674 HTTP/1.1" 200 19267
::1 - - [28/Jan/2016:18:41:18 +0100] "GET /phpmyadmin/index.php?ajax_request=1&recent_table=1&token=5f2d91fd7cc9c82e43bc8c58dc2c7926 HTTP/1.1" 200 546
::1 - - [28/Jan/2016:18:43:30 +0100] "GET /phpmyadmin/db_structure.php?server=1&db=intro&token=5f2d91fd7cc9c82e43bc8c58dc2c7926&ajax_request=true&ajax_page_request=true&menuHashes=6e404d33-f8dcb247-62b154e5-711eef7c-886492f0-3441b1a4&_nocache=1454003010691884490 HTTP/1.1" 200 17397
::1 - - [28/Jan/2016:18:43:32 +0100] "GET /phpmyadmin/db_export.php?db=intro&token=5f2d91fd7cc9c82e43bc8c58dc2c7926&ajax_request=true&ajax_page_request=true&menuHashes=6e404d33-f8dcb247-62b154e5-711eef7c-886492f0-3441b1a4&_nocache=1454003012895106696 HTTP/1.1" 200 36208
::1 - - [28/Jan/2016:18:43:33 +0100] "GET /phpmyadmin/js/get_scripts.js.php?scripts[]=export.js&token=5f2d91fd7cc9c82e43bc8c58dc2c7926&call_done=1 HTTP/1.1" 200 10538
::1 - - [28/Jan/2016:18:44:58 +0100] "POST /phpmyadmin/export.php HTTP/1.1" 200 3478
::1 - - [28/Jan/2016:18:46:41 +0100] "GET /phpmyadmin/db_import.php?db=intro&token=5f2d91fd7cc9c82e43bc8c58dc2c7926&ajax_request=true&ajax_page_request=true&menuHashes=6e404d33-f8dcb247-62b154e5-711eef7c-886492f0-3441b1a4-655a4391&_nocache=1454003201894854173 HTTP/1.1" 200 15312
::1 - - [28/Jan/2016:18:46:42 +0100] "GET /phpmyadmin/js/get_scripts.js.php?scripts[]=import.js&token=5f2d91fd7cc9c82e43bc8c58dc2c7926&call_done=1 HTTP/1.1" 200 3920
::1 - - [28/Jan/2016:18:46:44 +0100] "GET /phpmyadmin/db_operations.php?db=intro&token=5f2d91fd7cc9c82e43bc8c58dc2c7926&ajax_request=true&ajax_page_request=true&menuHashes=f8dcb247-62b154e5-711eef7c-886492f0-3441b1a4-655a4391-5c560c96&_nocache=1454003204851746062 HTTP/1.1" 200 34965
::1 - - [28/Jan/2016:18:46:44 +0100] "GET /phpmyadmin/js/get_scripts.js.php?scripts[]=db_operations.js&token=5f2d91fd7cc9c82e43bc8c58dc2c7926&call_done=1 HTTP/1.1" 200 4334
::1 - - [28/Jan/2016:18:46:46 +0100] "GET /phpmyadmin/db_import.php?db=intro&token=5f2d91fd7cc9c82e43bc8c58dc2c7926&ajax_request=true&ajax_page_request=true&menuHashes=62b154e5-711eef7c-886492f0-3441b1a4-655a4391-5c560c96-bedd0228&_nocache=1454003206258479950 HTTP/1.1" 200 12252
::1 - - [28/Jan/2016:18:46:51 +0100] "GET /phpmyadmin/db_structure.php?db=intro&token=5f2d91fd7cc9c82e43bc8c58dc2c7926&ajax_request=true&ajax_page_request=true&menuHashes=62b154e5-711eef7c-886492f0-3441b1a4-655a4391-5c560c96-bedd0228&_nocache=1454003211517702875 HTTP/1.1" 200 20455
::1 - - [28/Jan/2016:18:50:00 +0100] "GET /phpmyadmin/export.php?ajax_request=true&token=5f2d91fd7cc9c82e43bc8c58dc2c7926&check_time_out=true&_nocache=1454003400586798816 HTTP/1.1" 200 36
::1 - - [28/Jan/2016:19:07:29 +0100] "GET /phpmyadmin/sql.php?server=1&db=intro&table=test4&pos=0&token=5f2d91fd7cc9c82e43bc8c58dc2c7926&ajax_request=true&ajax_page_request=true&menuHashes=711eef7c-886492f0-3441b1a4-655a4391-5c560c96-bedd0228-f8dcb247&_nocache=1454004449128789343 HTTP/1.1" 200 15934
::1 - - [28/Jan/2016:19:07:29 +0100] "GET /phpmyadmin/index.php?ajax_request=1&recent_table=1&token=5f2d91fd7cc9c82e43bc8c58dc2c7926 HTTP/1.1" 200 546
::1 - - [28/Jan/2016:19:07:30 +0100] "GET /phpmyadmin/sql.php?server=1&db=intro&table=test4&pos=0&token=5f2d91fd7cc9c82e43bc8c58dc2c7926&ajax_request=true&ajax_page_request=true&menuHashes=711eef7c-886492f0-3441b1a4-655a4391-5c560c96-bedd0228-f8dcb247&_nocache=1454004450816229424 HTTP/1.1" 200 15934
::1 - - [28/Jan/2016:19:07:30 +0100] "GET /phpmyadmin/index.php?ajax_request=1&recent_table=1&token=5f2d91fd7cc9c82e43bc8c58dc2c7926 HTTP/1.1" 200 546
192.168.0.100 - - [29/Jan/2016:12:50:33 +0100] "GET / HTTP/1.1" 200 4868
fe80::d977:5cf7:6c23:4905 - - [29/Jan/2016:12:50:35 +0100] "GET / HTTP/1.1" 200 4868
::1 - - [01/Feb/2016:13:34:57 +0100] "GET /phpmyadmin/ HTTP/1.1" 200 45988
::1 - - [01/Feb/2016:13:34:57 +0100] "GET /phpmyadmin/phpmyadmin.css.php?server=1&token=7bb64ff27f828041f0e0d6ece47e49f7&nocache=5705661232ltr HTTP/1.1" 200 93053
::1 - - [01/Feb/2016:13:34:57 +0100] "GET /phpmyadmin/js/get_scripts.js.php?token=7bb64ff27f828041f0e0d6ece47e49f7&scripts[]=jquery/jquery-1.8.3.min.js&scripts[]=ajax.js&scripts[]=keyhandler.js&scripts[]=jquery/jquery-ui-1.9.2.custom.min.js&scripts[]=jquery/jquery.sprintf.js&scripts[]=jquery/jquery.cookie.js&scripts[]=jquery/jquery.mousewheel.js&scripts[]=jquery/jquery.event.drag-2.2.js&scripts[]=jquery/jquery-ui-timepicker-addon.js&scripts[]=jquery/jquery.ba-hashchange-1.3.js&scripts[]=jquery/jquery.debounce-1.0.5.js&scripts[]=jquery/jquery.menuResizer-1.0.js&scripts[]=cross_framing_protection.js&scripts[]=rte.js&scripts[]=tracekit/tracekit.js&scripts[]=error_report.js&scripts[]=doclinks.js&scripts[]=functions.js&scripts[]=navigation.js&scripts[]=indexes.js&scripts[]=common.js&scripts[]=codemirror/lib/codemirror.js&scripts[]=codemirror/mode/sql/sql.js&scripts[]=codemirror/addon/runmode/runmode.js HTTP/1.1" 200 1039434
::1 - - [01/Feb/2016:13:34:57 +0100] "GET /phpmyadmin/js/get_image.js.php?theme=pmahomme HTTP/1.1" 200 6388
::1 - - [01/Feb/2016:13:34:57 +0100] "GET /phpmyadmin/js/messages.php?lang=en&db=&token=7bb64ff27f828041f0e0d6ece47e49f7 HTTP/1.1" 200 17755
::1 - - [01/Feb/2016:13:34:58 +0100] "GET /phpmyadmin/version_check.php?&_nocache=1454330098312767648 HTTP/1.1" 200 41
::1 - - [01/Feb/2016:13:35:00 +0100] "GET /phpmyadmin/db_structure.php?server=1&db=intro&token=7bb64ff27f828041f0e0d6ece47e49f7&ajax_request=true&ajax_page_request=true&menuHashes=5b1b15e5&_nocache=1454330100332218651 HTTP/1.1" 200 20457
::1 - - [01/Feb/2016:13:35:00 +0100] "GET /phpmyadmin/js/get_scripts.js.php?scripts[]=db_structure.js&scripts[]=tbl_change.js&token=7bb64ff27f828041f0e0d6ece47e49f7&call_done=1 HTTP/1.1" 200 36139
::1 - - [01/Feb/2016:13:35:00 +0100] "GET /phpmyadmin/navigation.php?ajax_request=1&token=7bb64ff27f828041f0e0d6ece47e49f7&aPath=cm9vdA%3D%3D.aW50cm8%3D&vPath=cm9vdA%3D%3D.aW50cm8%3D&pos=0&pos2_name=&pos2_value=&searchClause=&searchClause2=&_nocache=1454330100508654101 HTTP/1.1" 200 3809
192.168.28.236 - - [02/Feb/2016:13:14:01 +0100] "GET / HTTP/1.1" 200 4868
fe80::d977:5cf7:6c23:4905 - - [02/Feb/2016:13:14:04 +0100] "GET / HTTP/1.1" 200 4868
192.168.28.135 - - [03/Feb/2016:13:22:32 +0100] "GET / HTTP/1.1" 200 3
fe80::d977:5cf7:6c23:4905 - - [03/Feb/2016:13:22:35 +0100] "GET / HTTP/1.1" 200 3
192.168.10.209 - - [04/Feb/2016:19:34:30 +0100] "GET / HTTP/1.1" 200 3
fe80::d977:5cf7:6c23:4905 - - [04/Feb/2016:19:34:33 +0100] "GET / HTTP/1.1" 200 3
::1 - - [05/Feb/2016:14:34:54 +0100] "GET /phpmyadmin/ HTTP/1.1" 200 4855
::1 - - [05/Feb/2016:14:34:54 +0100] "GET /phpmyadmin/themes/pmahomme/jquery/jquery-ui-1.9.2.custom.css HTTP/1.1" 200 32278
::1 - - [05/Feb/2016:14:34:54 +0100] "GET /phpmyadmin/phpmyadmin.css.php?server=1&token=7bb64ff27f828041f0e0d6ece47e49f7&nocache=4251331135ltr HTTP/1.1" 200 93053
::1 - - [05/Feb/2016:14:34:54 +0100] "GET /phpmyadmin/themes/dot.gif HTTP/1.1" 200 43
::1 - - [05/Feb/2016:14:34:54 +0100] "GET /phpmyadmin/js/get_scripts.js.php?token=7bb64ff27f828041f0e0d6ece47e49f7&scripts[]=jquery/jquery-1.8.3.min.js&scripts[]=ajax.js&scripts[]=keyhandler.js&scripts[]=jquery/jquery-ui-1.9.2.custom.min.js&scripts[]=jquery/jquery.sprintf.js&scripts[]=jquery/jquery.cookie.js&scripts[]=jquery/jquery.mousewheel.js&scripts[]=jquery/jquery.event.drag-2.2.js&scripts[]=jquery/jquery-ui-timepicker-addon.js&scripts[]=jquery/jquery.ba-hashchange-1.3.js&scripts[]=jquery/jquery.debounce-1.0.5.js&scripts[]=jquery/jquery.menuResizer-1.0.js&scripts[]=cross_framing_protection.js&scripts[]=rte.js&scripts[]=tracekit/tracekit.js&scripts[]=error_report.js&scripts[]=doclinks.js&scripts[]=functions.js&scripts[]=navigation.js&scripts[]=indexes.js&scripts[]=common.js&scripts[]=codemirror/lib/codemirror.js&scripts[]=codemirror/mode/sql/sql.js&scripts[]=codemirror/addon/runmode/runmode.js HTTP/1.1" 200 1039434
::1 - - [05/Feb/2016:14:34:54 +0100] "GET /phpmyadmin/js/get_image.js.php?theme=pmahomme HTTP/1.1" 200 6388
::1 - - [05/Feb/2016:14:34:54 +0100] "GET /phpmyadmin/js/messages.php?lang=en&db=&token=7bb64ff27f828041f0e0d6ece47e49f7 HTTP/1.1" 200 17755
::1 - - [05/Feb/2016:14:34:54 +0100] "GET /phpmyadmin/themes/pmahomme/img/sprites.png HTTP/1.1" 200 41626
::1 - - [05/Feb/2016:14:34:54 +0100] "GET /phpmyadmin/favicon.ico HTTP/1.1" 200 18902
::1 - - [05/Feb/2016:14:35:02 +0100] "GET /phpmyadmin/index.php?token=7bb64ff27f828041f0e0d6ece47e49f7 HTTP/1.1" 200 4855
::1 - - [05/Feb/2016:14:35:03 +0100] "GET /phpmyadmin/index.php?token=7bb64ff27f828041f0e0d6ece47e49f7 HTTP/1.1" 200 4855
::1 - - [05/Feb/2016:14:35:04 +0100] "GET /phpmyadmin/index.php?token=7bb64ff27f828041f0e0d6ece47e49f7 HTTP/1.1" 200 4855
::1 - - [05/Feb/2016:14:43:42 +0100] "GET /phpmyadmin/ HTTP/1.1" 200 4855
::1 - - [05/Feb/2016:14:43:49 +0100] "GET / HTTP/1.1" 200 2030
::1 - - [05/Feb/2016:14:43:50 +0100] "GET /favicon.ico HTTP/1.1" 200 202575
::1 - - [05/Feb/2016:15:01:19 +0100] "GET / HTTP/1.1" 200 1986
::1 - - [05/Feb/2016:15:01:56 +0100] "GET / HTTP/1.1" 200 1988
::1 - - [05/Feb/2016:15:01:56 +0100] "GET /favicon.ico HTTP/1.1" 200 202575
::1 - - [05/Feb/2016:15:02:56 +0100] "GET / HTTP/1.1" 200 4364
::1 - - [05/Feb/2016:15:02:56 +0100] "GET /favicon.ico HTTP/1.1" 200 202575
::1 - - [05/Feb/2016:15:05:38 +0100] "GET / HTTP/1.1" 200 1996
::1 - - [05/Feb/2016:15:05:38 +0100] "GET /favicon.ico HTTP/1.1" 200 202575
::1 - - [05/Feb/2016:15:06:03 +0100] "GET / HTTP/1.1" 200 1179
::1 - - [05/Feb/2016:15:06:03 +0100] "GET /favicon.ico HTTP/1.1" 200 202575
::1 - - [05/Feb/2016:15:12:35 +0100] "GET / HTTP/1.1" 200 3511
::1 - - [05/Feb/2016:15:12:35 +0100] "GET /favicon.ico HTTP/1.1" 200 202575
::1 - - [05/Feb/2016:15:15:53 +0100] "GET / HTTP/1.1" 200 4227
::1 - - [05/Feb/2016:15:15:54 +0100] "GET /favicon.ico HTTP/1.1" 200 202575
::1 - - [05/Feb/2016:15:17:02 +0100] "GET / HTTP/1.1" 200 3511
::1 - - [05/Feb/2016:15:17:02 +0100] "GET /favicon.ico HTTP/1.1" 200 202575
::1 - - [05/Feb/2016:15:17:27 +0100] "GET / HTTP/1.1" 200 11303
::1 - - [05/Feb/2016:15:17:27 +0100] "GET /favicon.ico HTTP/1.1" 200 202575
::1 - - [05/Feb/2016:15:20:51 +0100] "GET / HTTP/1.1" 200 12671
::1 - - [05/Feb/2016:15:20:51 +0100] "GET /favicon.ico HTTP/1.1" 200 202575
::1 - - [05/Feb/2016:15:21:31 +0100] "GET / HTTP/1.1" 200 12025
::1 - - [05/Feb/2016:15:21:31 +0100] "GET /favicon.ico HTTP/1.1" 200 202575
::1 - - [05/Feb/2016:15:28:29 +0100] "GET / HTTP/1.1" 200 374
::1 - - [05/Feb/2016:15:28:29 +0100] "GET /favicon.ico HTTP/1.1" 200 202575
::1 - - [05/Feb/2016:15:28:32 +0100] "GET / HTTP/1.1" 200 374
::1 - - [05/Feb/2016:15:28:32 +0100] "GET /favicon.ico HTTP/1.1" 200 202575
::1 - - [05/Feb/2016:15:28:48 +0100] "GET / HTTP/1.1" 200 374
::1 - - [05/Feb/2016:15:28:48 +0100] "GET /favicon.ico HTTP/1.1" 200 202575
::1 - - [05/Feb/2016:15:29:14 +0100] "GET / HTTP/1.1" 200 374
::1 - - [05/Feb/2016:15:29:14 +0100] "GET /favicon.ico HTTP/1.1" 200 202575
::1 - - [05/Feb/2016:15:29:40 +0100] "GET / HTTP/1.1" 200 12025
::1 - - [05/Feb/2016:15:29:40 +0100] "GET /favicon.ico HTTP/1.1" 200 202575
::1 - - [05/Feb/2016:15:31:01 +0100] "GET / HTTP/1.1" 200 12671
::1 - - [05/Feb/2016:15:31:01 +0100] "GET /favicon.ico HTTP/1.1" 200 202575
::1 - - [05/Feb/2016:15:31:44 +0100] "GET / HTTP/1.1" 200 12671
::1 - - [05/Feb/2016:15:31:44 +0100] "GET /favicon.ico HTTP/1.1" 200 202575
::1 - - [05/Feb/2016:15:32:24 +0100] "GET / HTTP/1.1" 200 386
::1 - - [05/Feb/2016:15:32:24 +0100] "GET /favicon.ico HTTP/1.1" 200 202575
::1 - - [05/Feb/2016:15:33:15 +0100] "GET / HTTP/1.1" 200 387
::1 - - [05/Feb/2016:15:33:15 +0100] "GET /favicon.ico HTTP/1.1" 200 202575
::1 - - [05/Feb/2016:15:33:34 +0100] "GET / HTTP/1.1" 200 383
::1 - - [05/Feb/2016:15:33:35 +0100] "GET /favicon.ico HTTP/1.1" 200 202575
::1 - - [05/Feb/2016:15:34:27 +0100] "GET / HTTP/1.1" 200 12025
::1 - - [05/Feb/2016:15:34:27 +0100] "GET /favicon.ico HTTP/1.1" 200 202575
::1 - - [05/Feb/2016:15:35:04 +0100] "GET / HTTP/1.1" 200 374
::1 - - [05/Feb/2016:15:35:04 +0100] "GET /favicon.ico HTTP/1.1" 200 202575
::1 - - [05/Feb/2016:15:35:45 +0100] "GET / HTTP/1.1" 200 374
::1 - - [05/Feb/2016:15:35:45 +0100] "GET /favicon.ico HTTP/1.1" 200 202575
::1 - - [05/Feb/2016:15:39:33 +0100] "GET / HTTP/1.1" 200 374
::1 - - [05/Feb/2016:15:39:33 +0100] "GET /favicon.ico HTTP/1.1" 200 202575
::1 - - [05/Feb/2016:15:39:34 +0100] "GET / HTTP/1.1" 200 374
::1 - - [05/Feb/2016:15:39:34 +0100] "GET /favicon.ico HTTP/1.1" 200 202575
::1 - - [05/Feb/2016:15:40:47 +0100] "GET / HTTP/1.1" 200 12025
::1 - - [05/Feb/2016:15:40:47 +0100] "GET /favicon.ico HTTP/1.1" 200 202575
::1 - - [05/Feb/2016:15:46:06 +0100] "GET / HTTP/1.1" 200 392
::1 - - [05/Feb/2016:15:46:06 +0100] "GET /favicon.ico HTTP/1.1" 200 202575
::1 - - [05/Feb/2016:15:52:02 +0100] "GET / HTTP/1.1" 200 371
::1 - - [05/Feb/2016:15:52:02 +0100] "GET /favicon.ico HTTP/1.1" 200 202575
::1 - - [05/Feb/2016:16:04:03 +0100] "GET / HTTP/1.1" 200 371
::1 - - [05/Feb/2016:16:04:03 +0100] "GET /favicon.ico HTTP/1.1" 200 202575
::1 - - [05/Feb/2016:16:04:04 +0100] "GET / HTTP/1.1" 200 371
::1 - - [05/Feb/2016:16:04:04 +0100] "GET /favicon.ico HTTP/1.1" 200 202575
::1 - - [05/Feb/2016:16:04:05 +0100] "GET / HTTP/1.1" 200 371
::1 - - [05/Feb/2016:16:04:05 +0100] "GET /favicon.ico HTTP/1.1" 200 202575
::1 - - [05/Feb/2016:16:04:06 +0100] "GET / HTTP/1.1" 200 371
::1 - - [05/Feb/2016:16:04:06 +0100] "GET /favicon.ico HTTP/1.1" 200 202575
::1 - - [05/Feb/2016:16:04:06 +0100] "GET / HTTP/1.1" 200 371
::1 - - [05/Feb/2016:16:04:06 +0100] "GET / HTTP/1.1" 200 371
::1 - - [05/Feb/2016:16:04:06 +0100] "GET /favicon.ico HTTP/1.1" 200 202575
::1 - - [05/Feb/2016:16:04:06 +0100] "GET / HTTP/1.1" 200 371
::1 - - [05/Feb/2016:16:04:06 +0100] "GET /favicon.ico HTTP/1.1" 200 202575
::1 - - [05/Feb/2016:16:04:06 +0100] "GET / HTTP/1.1" 200 371
::1 - - [05/Feb/2016:16:04:06 +0100] "GET /favicon.ico HTTP/1.1" 200 202575
::1 - - [05/Feb/2016:16:04:54 +0100] "GET / HTTP/1.1" 200 371
::1 - - [05/Feb/2016:16:04:54 +0100] "GET /favicon.ico HTTP/1.1" 200 202575
::1 - - [05/Feb/2016:16:04:55 +0100] "GET / HTTP/1.1" 200 371
::1 - - [05/Feb/2016:16:04:55 +0100] "GET /favicon.ico HTTP/1.1" 200 202575
::1 - - [05/Feb/2016:16:05:43 +0100] "GET / HTTP/1.1" 200 371
::1 - - [05/Feb/2016:16:05:43 +0100] "GET /favicon.ico HTTP/1.1" 200 202575
::1 - - [05/Feb/2016:16:07:35 +0100] "GET / HTTP/1.1" 200 13012
::1 - - [05/Feb/2016:16:07:35 +0100] "GET /favicon.ico HTTP/1.1" 200 202575
::1 - - [05/Feb/2016:16:08:22 +0100] "GET / HTTP/1.1" 200 29865
::1 - - [05/Feb/2016:16:08:22 +0100] "GET /favicon.ico HTTP/1.1" 200 202575
fe80::d977:5cf7:6c23:4905 - - [06/Feb/2016:16:25:12 +0100] "GET / HTTP/1.1" 200 29865
::1 - - [10/Feb/2016:12:37:55 +0100] "GET /phpmyadmin/ HTTP/1.1" 200 4855
::1 - - [10/Feb/2016:12:37:55 +0100] "GET /phpmyadmin/themes/pmahomme/jquery/jquery-ui-1.9.2.custom.css HTTP/1.1" 200 32278
::1 - - [10/Feb/2016:12:37:55 +0100] "GET /phpmyadmin/phpmyadmin.css.php?server=1&token=1db298c960600518f1a9804fc0b2151b&nocache=4251331135ltr HTTP/1.1" 200 93053
::1 - - [10/Feb/2016:12:37:55 +0100] "GET /phpmyadmin/themes/dot.gif HTTP/1.1" 200 43
::1 - - [10/Feb/2016:12:37:55 +0100] "GET /phpmyadmin/js/get_image.js.php?theme=pmahomme HTTP/1.1" 200 6388
::1 - - [10/Feb/2016:12:37:55 +0100] "GET /phpmyadmin/js/messages.php?lang=en&db=&token=1db298c960600518f1a9804fc0b2151b HTTP/1.1" 200 17755
::1 - - [10/Feb/2016:12:37:55 +0100] "GET /phpmyadmin/js/get_scripts.js.php?token=1db298c960600518f1a9804fc0b2151b&scripts[]=jquery/jquery-1.8.3.min.js&scripts[]=ajax.js&scripts[]=keyhandler.js&scripts[]=jquery/jquery-ui-1.9.2.custom.min.js&scripts[]=jquery/jquery.sprintf.js&scripts[]=jquery/jquery.cookie.js&scripts[]=jquery/jquery.mousewheel.js&scripts[]=jquery/jquery.event.drag-2.2.js&scripts[]=jquery/jquery-ui-timepicker-addon.js&scripts[]=jquery/jquery.ba-hashchange-1.3.js&scripts[]=jquery/jquery.debounce-1.0.5.js&scripts[]=jquery/jquery.menuResizer-1.0.js&scripts[]=cross_framing_protection.js&scripts[]=rte.js&scripts[]=tracekit/tracekit.js&scripts[]=error_report.js&scripts[]=doclinks.js&scripts[]=functions.js&scripts[]=navigation.js&scripts[]=indexes.js&scripts[]=common.js&scripts[]=codemirror/lib/codemirror.js&scripts[]=codemirror/mode/sql/sql.js&scripts[]=codemirror/addon/runmode/runmode.js HTTP/1.1" 200 1039434
::1 - - [10/Feb/2016:12:37:56 +0100] "GET /phpmyadmin/themes/pmahomme/img/sprites.png HTTP/1.1" 200 41626
::1 - - [10/Feb/2016:12:38:01 +0100] "GET /phpmyadmin/index.php?token=1db298c960600518f1a9804fc0b2151b HTTP/1.1" 200 4855
::1 - - [10/Feb/2016:12:41:17 +0100] "GET / HTTP/1.1" 200 3
::1 - - [10/Feb/2016:12:41:22 +0100] "GET / HTTP/1.1" 200 3
::1 - - [10/Feb/2016:12:41:53 +0100] "GET / HTTP/1.1" 200 3
::1 - - [10/Feb/2016:12:41:53 +0100] "GET /favicon.ico HTTP/1.1" 200 202575
::1 - - [10/Feb/2016:12:55:51 +0100] "GET / HTTP/1.1" 200 3
::1 - - [10/Feb/2016:12:55:51 +0100] "GET /favicon.ico HTTP/1.1" 200 202575
::1 - - [10/Feb/2016:12:57:30 +0100] "GET / HTTP/1.1" 200 3
::1 - - [10/Feb/2016:12:57:31 +0100] "GET /favicon.ico HTTP/1.1" 200 202575
::1 - - [10/Feb/2016:13:10:56 +0100] "GET / HTTP/1.1" 200 3
::1 - - [10/Feb/2016:13:27:57 +0100] "GET /form.php HTTP/1.1" 200 1759
::1 - - [10/Feb/2016:13:27:57 +0100] "GET /CSS/Anmalan.css HTTP/1.1" 200 924
::1 - - [10/Feb/2016:13:28:03 +0100] "POST /skicka/index.php HTTP/1.1" 302 3
::1 - - [10/Feb/2016:13:28:03 +0100] "GET /form.php HTTP/1.1" 200 1759
::1 - - [10/Feb/2016:13:28:30 +0100] "GET /form.php HTTP/1.1" 200 1759
::1 - - [10/Feb/2016:13:28:30 +0100] "GET /CSS/Anmalan.css HTTP/1.1" 304 -
::1 - - [10/Feb/2016:13:28:30 +0100] "GET /favicon.ico HTTP/1.1" 200 202575
::1 - - [10/Feb/2016:13:28:35 +0100] "POST /skicka/index.php HTTP/1.1" 200 972
::1 - - [10/Feb/2016:13:28:45 +0100] "POST /skicka/index.php HTTP/1.1" 200 2030
::1 - - [10/Feb/2016:13:28:45 +0100] "GET /favicon.ico HTTP/1.1" 200 202575
::1 - - [10/Feb/2016:13:28:53 +0100] "POST /skicka/index.php HTTP/1.1" 200 2036
::1 - - [10/Feb/2016:13:28:53 +0100] "GET /favicon.ico HTTP/1.1" 200 202575
::1 - - [10/Feb/2016:13:29:21 +0100] "POST /skicka/index.php HTTP/1.1" 200 4755
::1 - - [10/Feb/2016:13:29:21 +0100] "GET /favicon.ico HTTP/1.1" 200 202575
::1 - - [10/Feb/2016:13:30:18 +0100] "POST /skicka/index.php HTTP/1.1" 200 4755
::1 - - [10/Feb/2016:13:30:18 +0100] "GET /favicon.ico HTTP/1.1" 200 202575
::1 - - [10/Feb/2016:13:30:48 +0100] "GET /form.php HTTP/1.1" 200 1759
::1 - - [10/Feb/2016:13:30:48 +0100] "GET /CSS/Anmalan.css HTTP/1.1" 304 -
::1 - - [10/Feb/2016:13:30:48 +0100] "GET /favicon.ico HTTP/1.1" 200 202575
::1 - - [10/Feb/2016:13:30:52 +0100] "POST /skicka/index.php HTTP/1.1" 200 4755
::1 - - [10/Feb/2016:13:32:16 +0100] "POST /skicka/index.php HTTP/1.1" 200 4755
::1 - - [10/Feb/2016:13:32:16 +0100] "GET /favicon.ico HTTP/1.1" 200 202575
::1 - - [10/Feb/2016:13:32:19 +0100] "POST /skicka/index.php HTTP/1.1" 200 4755
::1 - - [10/Feb/2016:13:32:19 +0100] "GET /favicon.ico HTTP/1.1" 200 202575
::1 - - [10/Feb/2016:13:32:23 +0100] "GET /form.php HTTP/1.1" 200 1759
::1 - - [10/Feb/2016:13:32:23 +0100] "GET /CSS/Anmalan.css HTTP/1.1" 304 -
::1 - - [10/Feb/2016:13:32:23 +0100] "GET /favicon.ico HTTP/1.1" 200 202575
::1 - - [10/Feb/2016:13:32:26 +0100] "POST /skicka/index.php HTTP/1.1" 200 4755
::1 - - [10/Feb/2016:13:32:35 +0100] "GET / HTTP/1.1" 200 3
::1 - - [10/Feb/2016:13:32:40 +0100] "GET /form.php HTTP/1.1" 200 1759
::1 - - [10/Feb/2016:13:32:55 +0100] "GET /form.php HTTP/1.1" 200 1759
::1 - - [10/Feb/2016:13:32:56 +0100] "GET /CSS/Anmalan.css HTTP/1.1" 304 -
::1 - - [10/Feb/2016:13:32:56 +0100] "GET /favicon.ico HTTP/1.1" 200 202575
::1 - - [10/Feb/2016:13:32:59 +0100] "POST /skicka/index.php HTTP/1.1" 200 4755
::1 - - [10/Feb/2016:13:33:07 +0100] "POST /skicka/index.php HTTP/1.1" 200 4755
::1 - - [10/Feb/2016:13:33:07 +0100] "GET /favicon.ico HTTP/1.1" 200 202575
::1 - - [10/Feb/2016:13:33:08 +0100] "GET /form.php HTTP/1.1" 200 1759
::1 - - [10/Feb/2016:13:33:09 +0100] "GET /CSS/Anmalan.css HTTP/1.1" 304 -
::1 - - [10/Feb/2016:13:33:09 +0100] "GET /favicon.ico HTTP/1.1" 200 202575
::1 - - [10/Feb/2016:13:33:11 +0100] "POST /skicka/index.php HTTP/1.1" 200 4755
::1 - - [10/Feb/2016:13:33:21 +0100] "POST /skicka/index.php HTTP/1.1" 200 4755
::1 - - [10/Feb/2016:13:33:21 +0100] "GET /favicon.ico HTTP/1.1" 200 202575
::1 - - [10/Feb/2016:13:33:22 +0100] "GET /form.php HTTP/1.1" 200 1759
::1 - - [10/Feb/2016:13:33:22 +0100] "GET /CSS/Anmalan.css HTTP/1.1" 304 -
::1 - - [10/Feb/2016:13:33:22 +0100] "GET /favicon.ico HTTP/1.1" 200 202575
::1 - - [10/Feb/2016:13:33:23 +0100] "GET /form.php HTTP/1.1" 200 1759
::1 - - [10/Feb/2016:13:33:23 +0100] "GET /CSS/Anmalan.css HTTP/1.1" 304 -
::1 - - [10/Feb/2016:13:33:23 +0100] "GET /favicon.ico HTTP/1.1" 200 202575
::1 - - [10/Feb/2016:13:33:23 +0100] "GET /form.php HTTP/1.1" 200 1759
::1 - - [10/Feb/2016:13:33:23 +0100] "GET /CSS/Anmalan.css HTTP/1.1" 304 -
::1 - - [10/Feb/2016:13:33:27 +0100] "POST /skicka/index.php HTTP/1.1" 200 4755
::1 - - [10/Feb/2016:13:35:27 +0100] "POST /skicka/index.php HTTP/1.1" 200 5697
::1 - - [10/Feb/2016:13:35:27 +0100] "GET /favicon.ico HTTP/1.1" 200 202575
::1 - - [10/Feb/2016:13:35:32 +0100] "GET /form.php HTTP/1.1" 200 1759
::1 - - [10/Feb/2016:13:35:33 +0100] "GET /CSS/Anmalan.css HTTP/1.1" 304 -
::1 - - [10/Feb/2016:13:35:33 +0100] "GET /favicon.ico HTTP/1.1" 200 202575
::1 - - [10/Feb/2016:13:35:39 +0100] "POST /skicka/index.php HTTP/1.1" 200 5697
::1 - - [10/Feb/2016:13:43:33 +0100] "POST /skicka/index.php HTTP/1.1" 200 5697
::1 - - [10/Feb/2016:13:44:02 +0100] "POST /skicka/index.php HTTP/1.1" 200 5696
fe80::d977:5cf7:6c23:4905 - - [12/Feb/2016:10:02:05 +0100] "GET / HTTP/1.1" 200 3
192.168.10.209 - - [13/Feb/2016:14:18:47 +0100] "GET / HTTP/1.1" 200 3
fe80::d977:5cf7:6c23:4905 - - [13/Feb/2016:14:18:50 +0100] "GET / HTTP/1.1" 200 3
fe80::d977:5cf7:6c23:4905 - - [27/Feb/2016:19:34:12 +0100] "GET / HTTP/1.1" 200 3
::1 - - [28/Feb/2016:00:56:40 +0100] "GET / HTTP/1.1" 200 3
::1 - - [28/Feb/2016:00:56:40 +0100] "GET /favicon.ico HTTP/1.1" 200 202575
192.168.10.209 - - [28/Feb/2016:19:43:48 +0100] "GET / HTTP/1.1" 200 3
fe80::d977:5cf7:6c23:4905 - - [28/Feb/2016:19:43:51 +0100] "GET / HTTP/1.1" 200 3
::1 - - [28/Feb/2016:21:11:20 +0100] "GET / HTTP/1.1" 200 3
192.168.1.103 - - [01/Mar/2016:00:03:24 +0100] "GET / HTTP/1.1" 200 3
fe80::d977:5cf7:6c23:4905 - - [01/Mar/2016:00:03:27 +0100] "GET / HTTP/1.1" 200 3
fe80::d977:5cf7:6c23:4905 - - [02/Mar/2016:19:55:22 +0100] "GET / HTTP/1.1" 200 3
192.168.10.209 - - [03/Mar/2016:20:03:50 +0100] "GET / HTTP/1.1" 200 3
fe80::d977:5cf7:6c23:4905 - - [03/Mar/2016:20:03:53 +0100] "GET / HTTP/1.1" 200 3
::1 - - [04/Mar/2016:14:30:43 +0100] "GET / HTTP/1.1" 200 3
::1 - - [04/Mar/2016:14:38:18 +0100] "GET /phpmyadmin/ HTTP/1.1" 200 5183
::1 - - [04/Mar/2016:14:38:18 +0100] "GET /phpmyadmin/themes/pmahomme/jquery/jquery-ui-1.9.2.custom.css HTTP/1.1" 200 32278
::1 - - [04/Mar/2016:14:38:18 +0100] "GET /phpmyadmin/themes/dot.gif HTTP/1.1" 200 43
::1 - - [04/Mar/2016:14:38:18 +0100] "GET /phpmyadmin/phpmyadmin.css.php?server=1&lang=en&collation_connection=utf8_general_ci&token=c82fb8854b38e918dfc97dbcbdd60781&nocache=4251331135ltr HTTP/1.1" 200 93053
::1 - - [04/Mar/2016:14:38:18 +0100] "GET /phpmyadmin/js/get_scripts.js.php?lang=en&collation_connection=utf8_general_ci&token=c82fb8854b38e918dfc97dbcbdd60781&scripts[]=jquery/jquery-1.8.3.min.js&scripts[]=ajax.js&scripts[]=keyhandler.js&scripts[]=jquery/jquery-ui-1.9.2.custom.min.js&scripts[]=jquery/jquery.sprintf.js&scripts[]=jquery/jquery.cookie.js&scripts[]=jquery/jquery.mousewheel.js&scripts[]=jquery/jquery.event.drag-2.2.js&scripts[]=jquery/jquery-ui-timepicker-addon.js&scripts[]=jquery/jquery.ba-hashchange-1.3.js&scripts[]=jquery/jquery.debounce-1.0.5.js&scripts[]=jquery/jquery.menuResizer-1.0.js&scripts[]=cross_framing_protection.js&scripts[]=rte.js&scripts[]=tracekit/tracekit.js&scripts[]=error_report.js&scripts[]=doclinks.js&scripts[]=functions.js&scripts[]=navigation.js&scripts[]=indexes.js&scripts[]=common.js&scripts[]=codemirror/lib/codemirror.js&scripts[]=codemirror/mode/sql/sql.js&scripts[]=codemirror/addon/runmode/runmode.js HTTP/1.1" 200 1039434
::1 - - [04/Mar/2016:14:38:18 +0100] "GET /phpmyadmin/js/get_image.js.php?theme=pmahomme HTTP/1.1" 200 6388
::1 - - [04/Mar/2016:14:38:18 +0100] "GET /phpmyadmin/js/messages.php?lang=en&db=&collation_connection=utf8_general_ci&token=c82fb8854b38e918dfc97dbcbdd60781 HTTP/1.1" 200 17755
::1 - - [04/Mar/2016:14:38:19 +0100] "GET /phpmyadmin/themes/pmahomme/img/sprites.png HTTP/1.1" 200 41626
::1 - - [04/Mar/2016:14:38:19 +0100] "GET /phpmyadmin/favicon.ico HTTP/1.1" 200 18902
::1 - - [04/Mar/2016:14:38:27 +0100] "GET /phpmyadmin/index.php?lang=en&collation_connection=utf8_general_ci&token=c82fb8854b38e918dfc97dbcbdd60781 HTTP/1.1" 200 4852
::1 - - [04/Mar/2016:14:38:27 +0100] "GET /phpmyadmin/js/get_scripts.js.php?token=c82fb8854b38e918dfc97dbcbdd60781&scripts[]=jquery/jquery-1.8.3.min.js&scripts[]=ajax.js&scripts[]=keyhandler.js&scripts[]=jquery/jquery-ui-1.9.2.custom.min.js&scripts[]=jquery/jquery.sprintf.js&scripts[]=jquery/jquery.cookie.js&scripts[]=jquery/jquery.mousewheel.js&scripts[]=jquery/jquery.event.drag-2.2.js&scripts[]=jquery/jquery-ui-timepicker-addon.js&scripts[]=jquery/jquery.ba-hashchange-1.3.js&scripts[]=jquery/jquery.debounce-1.0.5.js&scripts[]=jquery/jquery.menuResizer-1.0.js&scripts[]=cross_framing_protection.js&scripts[]=rte.js&scripts[]=tracekit/tracekit.js&scripts[]=error_report.js&scripts[]=doclinks.js&scripts[]=functions.js&scripts[]=navigation.js&scripts[]=indexes.js&scripts[]=common.js&scripts[]=codemirror/lib/codemirror.js&scripts[]=codemirror/mode/sql/sql.js&scripts[]=codemirror/addon/runmode/runmode.js HTTP/1.1" 200 1039434
::1 - - [04/Mar/2016:14:38:27 +0100] "GET /phpmyadmin/phpmyadmin.css.php?server=1&token=c82fb8854b38e918dfc97dbcbdd60781&nocache=4251331135ltr HTTP/1.1" 200 93053
::1 - - [04/Mar/2016:14:38:27 +0100] "GET /phpmyadmin/js/messages.php?lang=en&db=&token=c82fb8854b38e918dfc97dbcbdd60781 HTTP/1.1" 200 17755
192.168.56.1 - - [04/Mar/2016:21:21:26 +0100] "GET / HTTP/1.1" 200 3
fe80::2840:3718:5f7f:fd4 - - [04/Mar/2016:21:21:29 +0100] "GET / HTTP/1.1" 200 3
192.168.10.209 - - [05/Mar/2016:21:27:17 +0100] "GET / HTTP/1.1" 200 3
192.168.56.1 - - [05/Mar/2016:21:27:20 +0100] "GET / HTTP/1.1" 200 3
fe80::2840:3718:5f7f:fd4 - - [05/Mar/2016:21:27:23 +0100] "GET / HTTP/1.1" 200 3
fe80::d977:5cf7:6c23:4905 - - [05/Mar/2016:21:27:26 +0100] "GET / HTTP/1.1" 200 3
192.168.56.1 - - [08/Mar/2016:08:55:23 +0100] "GET / HTTP/1.1" 200 3
fe80::2840:3718:5f7f:fd4 - - [08/Mar/2016:08:55:25 +0100] "GET / HTTP/1.1" 200 3
192.168.56.1 - - [09/Mar/2016:09:49:58 +0100] "GET / HTTP/1.1" 200 3
fe80::2840:3718:5f7f:fd4 - - [09/Mar/2016:09:50:01 +0100] "GET / HTTP/1.1" 200 3
192.168.28.183 - - [10/Mar/2016:11:03:16 +0100] "GET / HTTP/1.1" 200 3
192.168.56.1 - - [10/Mar/2016:11:03:19 +0100] "GET / HTTP/1.1" 200 3
fe80::2840:3718:5f7f:fd4 - - [10/Mar/2016:11:03:22 +0100] "GET / HTTP/1.1" 200 3
fe80::d977:5cf7:6c23:4905 - - [10/Mar/2016:11:03:25 +0100] "GET / HTTP/1.1" 200 3
192.168.28.78 - - [11/Mar/2016:11:08:31 +0100] "GET / HTTP/1.1" 200 3
192.168.56.1 - - [11/Mar/2016:11:08:34 +0100] "GET / HTTP/1.1" 200 3
fe80::2840:3718:5f7f:fd4 - - [11/Mar/2016:11:08:36 +0100] "GET / HTTP/1.1" 200 3
fe80::d977:5cf7:6c23:4905 - - [11/Mar/2016:11:08:39 +0100] "GET / HTTP/1.1" 200 3
192.168.28.45 - - [11/Mar/2016:11:10:31 +0100] "GET /api/config HTTP/1.1" 404 296
192.168.28.45 - - [11/Mar/2016:11:10:44 +0100] "GET /api/config HTTP/1.1" 404 296
192.168.29.31 - - [14/Mar/2016:12:14:35 +0100] "GET / HTTP/1.1" 200 3
192.168.56.1 - - [14/Mar/2016:12:14:38 +0100] "GET / HTTP/1.1" 200 3
fe80::2840:3718:5f7f:fd4 - - [14/Mar/2016:12:14:41 +0100] "GET / HTTP/1.1" 200 3
fe80::d977:5cf7:6c23:4905 - - [14/Mar/2016:12:14:44 +0100] "GET / HTTP/1.1" 200 3
192.168.29.31 - - [15/Mar/2016:12:33:43 +0100] "GET / HTTP/1.1" 200 3
192.168.56.1 - - [15/Mar/2016:12:33:46 +0100] "GET / HTTP/1.1" 200 3
fe80::2840:3718:5f7f:fd4 - - [15/Mar/2016:12:33:49 +0100] "GET / HTTP/1.1" 200 3
fe80::d977:5cf7:6c23:4905 - - [15/Mar/2016:12:33:52 +0100] "GET / HTTP/1.1" 200 3
192.168.29.31 - - [16/Mar/2016:12:39:33 +0100] "GET / HTTP/1.1" 200 3
192.168.56.1 - - [16/Mar/2016:12:39:36 +0100] "GET / HTTP/1.1" 200 3
fe80::2840:3718:5f7f:fd4 - - [16/Mar/2016:12:39:38 +0100] "GET / HTTP/1.1" 200 3
fe80::d977:5cf7:6c23:4905 - - [16/Mar/2016:12:39:41 +0100] "GET / HTTP/1.1" 200 3
192.168.29.54 - - [16/Mar/2016:13:17:21 +0100] "GET /api/config HTTP/1.1" 404 296
192.168.29.54 - - [16/Mar/2016:13:29:22 +0100] "GET /api/config HTTP/1.1" 404 296
192.168.28.240 - - [17/Mar/2016:14:29:26 +0100] "GET / HTTP/1.1" 200 3
192.168.56.1 - - [17/Mar/2016:14:29:29 +0100] "GET / HTTP/1.1" 200 3
fe80::2840:3718:5f7f:fd4 - - [17/Mar/2016:14:29:32 +0100] "GET / HTTP/1.1" 200 3
fe80::d977:5cf7:6c23:4905 - - [17/Mar/2016:14:29:34 +0100] "GET / HTTP/1.1" 200 3
192.168.10.209 - - [07/Apr/2016:08:34:58 +0200] "GET / HTTP/1.1" 200 3
192.168.56.1 - - [07/Apr/2016:08:35:01 +0200] "GET / HTTP/1.1" 200 3
fe80::2840:3718:5f7f:fd4 - - [07/Apr/2016:08:35:04 +0200] "GET / HTTP/1.1" 200 3
fe80::d977:5cf7:6c23:4905 - - [07/Apr/2016:08:35:06 +0200] "GET / HTTP/1.1" 200 3
192.168.28.108 - - [08/Apr/2016:08:37:02 +0200] "GET / HTTP/1.1" 200 3
192.168.56.1 - - [08/Apr/2016:08:37:05 +0200] "GET / HTTP/1.1" 200 3
fe80::2840:3718:5f7f:fd4 - - [08/Apr/2016:08:37:08 +0200] "GET / HTTP/1.1" 200 3
fe80::d977:5cf7:6c23:4905 - - [08/Apr/2016:08:37:11 +0200] "GET / HTTP/1.1" 200 3
192.168.56.1 - - [09/Apr/2016:22:58:43 +0200] "GET / HTTP/1.1" 200 3
fe80::2840:3718:5f7f:fd4 - - [09/Apr/2016:22:58:46 +0200] "GET / HTTP/1.1" 200 3
192.168.10.209 - - [18/Apr/2016:18:41:27 +0200] "GET / HTTP/1.1" 200 3
192.168.56.1 - - [18/Apr/2016:18:41:29 +0200] "GET / HTTP/1.1" 200 3
fe80::2840:3718:5f7f:fd4 - - [18/Apr/2016:18:41:32 +0200] "GET / HTTP/1.1" 200 3
fe80::d977:5cf7:6c23:4905 - - [18/Apr/2016:18:41:35 +0200] "GET / HTTP/1.1" 200 3
192.168.10.209 - - [19/Apr/2016:18:45:50 +0200] "GET / HTTP/1.1" 200 3
192.168.56.1 - - [19/Apr/2016:18:45:53 +0200] "GET / HTTP/1.1" 200 3
fe80::2840:3718:5f7f:fd4 - - [19/Apr/2016:18:45:56 +0200] "GET / HTTP/1.1" 200 3
fe80::d977:5cf7:6c23:4905 - - [19/Apr/2016:18:45:59 +0200] "GET / HTTP/1.1" 200 3
